<?xml version="1.0" encoding="UTF-8"?>
<testng-results skipped="0" failed="0" ignored="0" total="1" passed="1">
  <reporter-output>
  </reporter-output>
  <suite name="InetBankingV1" duration-ms="23443" started-at="2022-01-23T15:34:08 IST" finished-at="2022-01-23T15:34:31 IST">
    <groups>
    </groups>
    <test name="BankingApp Test" duration-ms="23443" started-at="2022-01-23T15:34:08 IST" finished-at="2022-01-23T15:34:31 IST">
      <class name="com.inetBanking.testCases.TC_LoginTest_001">
        <test-method status="PASS" signature="setup(java.lang.String)[pri:0, instance:com.inetBanking.testCases.TC_LoginTest_001@3dfc5fb8]" name="setup" is-config="true" duration-ms="16338" started-at="2022-01-23T15:34:08 IST" finished-at="2022-01-23T15:34:25 IST">
          <params>
            <param index="0">
              <value>
                <![CDATA[chrome]]>
              </value>
            </param>
          </params>
          <reporter-output>
          </reporter-output>
        </test-method> <!-- setup -->
        <test-method status="PASS" signature="loginTest()[pri:0, instance:com.inetBanking.testCases.TC_LoginTest_001@3dfc5fb8]" name="loginTest" duration-ms="5845" started-at="2022-01-23T15:34:25 IST" finished-at="2022-01-23T15:34:31 IST">
          <reporter-output>
          </reporter-output>
        </test-method> <!-- loginTest -->
        <test-method status="PASS" signature="tearDown()[pri:0, instance:com.inetBanking.testCases.TC_LoginTest_001@3dfc5fb8]" name="tearDown" is-config="true" duration-ms="677" started-at="2022-01-23T15:34:31 IST" finished-at="2022-01-23T15:34:31 IST">
          <reporter-output>
          </reporter-output>
        </test-method> <!-- tearDown -->
      </class> <!-- com.inetBanking.testCases.TC_LoginTest_001 -->
    </test> <!-- BankingApp Test -->
  </suite> <!-- InetBankingV1 -->
</testng-results>
